2006.09.16 12:15 B C:\Documents and Settings\Debby Turner\My Documents\My Webs7\images\bluemarble.gif --> ftp.sonic.net /nfs/WWW_pages/bth20/images bluemarble.gif
2006.09.16 12:15 B C:\Documents and Settings\Debby Turner\My Documents\My Webs7\images\colorbar1.gif --> ftp.sonic.net /nfs/WWW_pages/bth20/images colorbar1.gif
2006.09.16 12:15 B C:\Documents and Settings\Debby Turner\My Documents\My Webs7\images\logo-wtc.gif --> ftp.sonic.net /nfs/WWW_pages/bth20/images logo-wtc.gif
2006.09.16 12:15 B C:\Documents and Settings\Debby Turner\My Documents\My Webs7\images\rwb-bar.gif --> ftp.sonic.net /nfs/WWW_pages/bth20/images rwb-bar.gif
2006.09.16 12:44 B C:\Documents and Settings\Debby Turner\My Documents\My Webs7\images\new3.gif --> ftp.sonic.net /nfs/WWW_pages/bth20/images new3.gif
2006.09.16 15:12 B C:\Documents and Settings\Debby Turner\My Documents\My Webs7\images\WaterMeWorry-150.jpg --> ftp.sonic.net /nfs/WWW_pages/bth20/images WaterMeWorry-150.jpg
2006.09.16 15:12 B C:\Documents and Settings\Debby Turner\My Documents\My Webs7\images\WS_FTP.LOG --> ftp.sonic.net /nfs/WWW_pages/bth20/images WS_FTP.LOG
2006.09.16 15:20 B C:\Documents and Settings\Debby Turner\My Documents\My Webs7\images\WS_FTP.LOG --> ftp.sonic.net /nfs/WWW_pages/bth20/images WS_FTP.LOG
2006.09.16 21:25 B C:\Documents and Settings\Debby Turner\My Documents\My Webs7\images\t_areyouready.jpg --> ftp.sonic.net /nfs/WWW_pages/bth20/images t_areyouready.jpg
2006.09.16 21:25 B C:\Documents and Settings\Debby Turner\My Documents\My Webs7\images\WS_FTP.LOG --> ftp.sonic.net /nfs/WWW_pages/bth20/images WS_FTP.LOG
2007.07.13 08:27 B C:\Documents and Settings\Debby Turner\My Documents\My Webs7\images\SWIG-long-logo-sm2.jpg --> ftp.sonic.net /nfs/WWW_pages/bth20/images SWIG-long-logo-sm2.jpg
2007.07.13 08:27 B C:\Documents and Settings\Debby Turner\My Documents\My Webs7\images\SWIG-long-logo-sm.jpg --> ftp.sonic.net /nfs/WWW_pages/bth20/images SWIG-long-logo-sm.jpg
2007.07.13 08:27 B C:\Documents and Settings\Debby Turner\My Documents\My Webs7\images\SWIG-long-logo2.jpg --> ftp.sonic.net /nfs/WWW_pages/bth20/images SWIG-long-logo2.jpg
2007.07.13 08:27 B C:\Documents and Settings\Debby Turner\My Documents\My Webs7\images\SWIG-long-logo.jpg --> ftp.sonic.net /nfs/WWW_pages/bth20/images SWIG-long-logo.jpg
2007.07.13 08:27 B C:\Documents and Settings\Debby Turner\My Documents\My Webs7\images\WS_FTP.LOG --> ftp.sonic.net /nfs/WWW_pages/bth20/images WS_FTP.LOG
2007.07.13 08:27 B C:\Documents and Settings\Debby Turner\My Documents\My Webs7\images\t_areyouready.jpg --> ftp.sonic.net /nfs/WWW_pages/bth20/images t_areyouready.jpg
2007.07.13 08:27 B C:\Documents and Settings\Debby Turner\My Documents\My Webs7\images\WaterMeWorry-150.jpg --> ftp.sonic.net /nfs/WWW_pages/bth20/images WaterMeWorry-150.jpg
2007.07.13 08:27 B C:\Documents and Settings\Debby Turner\My Documents\My Webs7\images\new3.gif --> ftp.sonic.net /nfs/WWW_pages/bth20/images new3.gif
2007.10.12 16:52 B C:\Documents and Settings\Debby Turner\My Documents\My Webs7\images\public_notice_map-large_small.JPG --> ftp.sonic.net /nfs/WWW_pages/bth20/images public_notice_map-large_small.JPG
2007.10.12 16:52 B C:\Documents and Settings\Debby Turner\My Documents\My Webs7\images\public_notice_map-large.JPG --> ftp.sonic.net /nfs/WWW_pages/bth20/images public_notice_map-large.JPG
